[2025-06-08 15:20:48] INFO - Starting bot
[2025-06-08 15:20:48] INFO - Starting bot
[2025-06-08 15:20:48] INFO - Starting bot
[2025-06-08 15:21:11] INFO - /start от пользователя 590388835
[2025-06-08 15:21:11] INFO - /start от пользователя 590388835
[2025-06-08 15:21:11] INFO - /start от пользователя 590388835
[2025-06-08 15:21:26] INFO - [CRYPTO] 590388835: 3.5 ETH
[2025-06-08 15:21:26] INFO - [CRYPTO] 590388835: 3.5 ETH
[2025-06-08 15:21:26] INFO - [CRYPTO] 590388835: 3.5 ETH
[2025-06-08 15:21:44] INFO - /help от пользователя 590388835
[2025-06-08 15:21:44] INFO - /help от пользователя 590388835
[2025-06-08 15:21:44] INFO - /help от пользователя 590388835
[2025-06-08 15:24:31] INFO - Starting bot
[2025-06-08 15:24:31] INFO - Starting bot
[2025-06-08 15:24:31] INFO - Starting bot
[2025-06-08 15:24:38] INFO - [CRYPTO] 590388835: 3.5 ETH
[2025-06-08 15:24:38] INFO - [CRYPTO] 590388835: 3.5 ETH
[2025-06-08 15:24:38] INFO - [CRYPTO] 590388835: 3.5 ETH
[2025-06-08 15:26:07] INFO - Starting bot
[2025-06-08 15:26:07] INFO - Starting bot
[2025-06-08 15:26:07] INFO - Starting bot
[2025-06-08 15:26:12] INFO - [CRYPTO] 590388835: 3.5 ETH
[2025-06-08 15:26:12] INFO - [CRYPTO] 590388835: 3.5 ETH
[2025-06-08 15:26:12] INFO - [CRYPTO] 590388835: 3.5 ETH
[2025-06-08 15:27:58] INFO - Starting bot
[2025-06-08 15:27:58] INFO - Starting bot
[2025-06-08 15:27:58] INFO - Starting bot
[2025-06-08 15:28:04] INFO - [CRYPTO] 590388835: 3.5 ETH
[2025-06-08 15:28:04] INFO - [CRYPTO] 590388835: 3.5 ETH
[2025-06-08 15:28:04] INFO - [CRYPTO] 590388835: 3.5 ETH
[2025-06-08 15:28:52] INFO - Starting bot
[2025-06-08 15:28:52] INFO - Starting bot
[2025-06-08 15:28:52] INFO - Starting bot
[2025-06-08 15:28:59] INFO - [CRYPTO] 590388835: 3.5 ETH
[2025-06-08 15:28:59] INFO - [CRYPTO] 590388835: 3.5 ETH
[2025-06-08 15:28:59] INFO - [CRYPTO] 590388835: 3.5 ETH
[2025-06-08 15:30:36] INFO - Starting bot
[2025-06-08 15:30:36] INFO - Starting bot
[2025-06-08 15:30:36] INFO - Starting bot
[2025-06-08 15:31:12] INFO - /start от пользователя 590388835
[2025-06-08 15:31:12] INFO - /start от пользователя 590388835
[2025-06-08 15:31:12] INFO - /start от пользователя 590388835
[2025-06-08 15:31:18] INFO - [CRYPTO] 590388835: 3.5 ETH
[2025-06-08 15:31:18] INFO - [CRYPTO] 590388835: 3.5 ETH
[2025-06-08 15:31:18] INFO - [CRYPTO] 590388835: 3.5 ETH
[2025-06-08 15:31:30] INFO - [CRYPTO] 590388835: 3.5 ETH
[2025-06-08 15:31:30] INFO - [CRYPTO] 590388835: 3.5 ETH
[2025-06-08 15:31:30] INFO - [CRYPTO] 590388835: 3.5 ETH
[2025-06-08 15:31:36] INFO - [FIAT] 590388835: 1.0 USD → RUB
[2025-06-08 15:31:36] INFO - [FIAT] 590388835: 1.0 USD → RUB
[2025-06-08 15:31:36] INFO - [FIAT] 590388835: 1.0 USD → RUB
[2025-06-08 15:34:53] INFO - Starting bot
[2025-06-08 15:34:53] INFO - Starting bot
[2025-06-08 15:34:53] INFO - Starting bot
[2025-06-08 15:35:10] INFO - [CRYPTO] 590388835: 3.5 ETH
[2025-06-08 15:35:10] INFO - [CRYPTO] 590388835: 3.5 ETH
[2025-06-08 15:35:10] INFO - [CRYPTO] 590388835: 3.5 ETH
[2025-06-08 15:35:31] INFO - [FIAT] 590388835: 1.0 USD → RUB
[2025-06-08 15:35:31] INFO - [FIAT] 590388835: 1.0 USD → RUB
[2025-06-08 15:35:31] INFO - [FIAT] 590388835: 1.0 USD → RUB
[2025-06-08 15:35:52] INFO - [CRYPTO] 590388835: 1.0 BTC
[2025-06-08 15:35:52] INFO - [CRYPTO] 590388835: 1.0 BTC
[2025-06-08 15:35:52] INFO - [CRYPTO] 590388835: 1.0 BTC
[2025-06-08 15:36:22] INFO - [CRYPTO] 590388835: 1.0 TON
[2025-06-08 15:36:22] INFO - [CRYPTO] 590388835: 1.0 TON
[2025-06-08 15:36:22] INFO - [CRYPTO] 590388835: 1.0 TON
[2025-06-08 15:36:31] INFO - [CRYPTO] 590388835: 1.0 BTC
[2025-06-08 15:36:31] INFO - [CRYPTO] 590388835: 1.0 BTC
[2025-06-08 15:36:31] INFO - [CRYPTO] 590388835: 1.0 BTC
[2025-06-08 15:37:34] INFO - /set_currency от 590388835
[2025-06-08 15:37:34] INFO - /set_currency от 590388835
[2025-06-08 15:37:34] INFO - /set_currency от 590388835
[2025-06-08 15:37:48] INFO - /rates от 590388835 — RUB
[2025-06-08 15:37:48] INFO - /rates от 590388835 — RUB
[2025-06-08 15:37:48] INFO - /rates от 590388835 — RUB
[2025-06-08 15:37:48] WARNING - Ошибка получения курсов для 590388835
[2025-06-08 15:37:48] WARNING - Ошибка получения курсов для 590388835
[2025-06-08 15:37:48] WARNING - Ошибка получения курсов для 590388835
[2025-06-08 15:37:59] INFO - /set_currency от 590388835
[2025-06-08 15:37:59] INFO - /set_currency от 590388835
[2025-06-08 15:37:59] INFO - /set_currency от 590388835
[2025-06-08 15:38:08] INFO - /my_currency от 590388835: RUB
[2025-06-08 15:38:08] INFO - /my_currency от 590388835: RUB
[2025-06-08 15:38:08] INFO - /my_currency от 590388835: RUB
[2025-06-08 15:39:20] INFO - [CRYPTO] 590388835: 1.0 BTC
[2025-06-08 15:39:20] INFO - [CRYPTO] 590388835: 1.0 BTC
[2025-06-08 15:39:20] INFO - [CRYPTO] 590388835: 1.0 BTC
[2025-06-08 15:46:09] INFO - Starting bot
[2025-06-08 15:46:09] INFO - Starting bot
[2025-06-08 15:46:09] INFO - Starting bot
[2025-06-08 15:46:11] INFO - Пользователь 590388835 установил валюту: TRY
[2025-06-08 15:46:11] INFO - Пользователь 590388835 установил валюту: TRY
[2025-06-08 15:46:11] INFO - Пользователь 590388835 установил валюту: TRY
[2025-06-08 15:46:21] INFO - [CRYPTO] 590388835: 1.0 BTC
[2025-06-08 15:46:21] INFO - [CRYPTO] 590388835: 1.0 BTC
[2025-06-08 15:46:21] INFO - [CRYPTO] 590388835: 1.0 BTC
[2025-06-08 15:46:29] INFO - [CRYPTO] 590388835: 2.0 ETH
[2025-06-08 15:46:29] INFO - [CRYPTO] 590388835: 2.0 ETH
[2025-06-08 15:46:29] INFO - [CRYPTO] 590388835: 2.0 ETH
[2025-06-08 15:46:41] INFO - [CRYPTO] 590388835: 3.5 ETH
[2025-06-08 15:46:41] INFO - [CRYPTO] 590388835: 3.5 ETH
[2025-06-08 15:46:41] INFO - [CRYPTO] 590388835: 3.5 ETH
[2025-06-08 15:46:45] INFO - Пользователь 590388835 установил валюту: USD
[2025-06-08 15:46:45] INFO - Пользователь 590388835 установил валюту: USD
[2025-06-08 15:46:45] INFO - Пользователь 590388835 установил валюту: USD
[2025-06-08 15:46:49] INFO - [CRYPTO] 590388835: 3.5 ETH
[2025-06-08 15:46:49] INFO - [CRYPTO] 590388835: 3.5 ETH
[2025-06-08 15:46:49] INFO - [CRYPTO] 590388835: 3.5 ETH
[2025-06-08 15:51:42] INFO - Starting bot
[2025-06-08 15:51:42] INFO - Starting bot
[2025-06-08 15:51:42] INFO - Starting bot
[2025-06-08 15:51:42] INFO - /help от пользователя 590388835
[2025-06-08 15:51:42] INFO - /help от пользователя 590388835
[2025-06-08 15:51:42] INFO - /help от пользователя 590388835
[2025-06-08 15:51:47] INFO - /set_currency от 590388835
[2025-06-08 15:51:47] INFO - /set_currency от 590388835
[2025-06-08 15:51:47] INFO - /set_currency от 590388835
[2025-06-08 15:51:48] INFO - Пользователь 590388835 установил валюту: USD
[2025-06-08 15:51:48] INFO - Пользователь 590388835 установил валюту: USD
[2025-06-08 15:51:48] INFO - Пользователь 590388835 установил валюту: USD
[2025-06-08 15:51:59] INFO - [CRYPTO] 590388835: 1.0 ETH
[2025-06-08 15:51:59] INFO - [CRYPTO] 590388835: 1.0 ETH
[2025-06-08 15:51:59] INFO - [CRYPTO] 590388835: 1.0 ETH
[2025-06-08 15:52:09] INFO - /rates от 590388835 — USD
[2025-06-08 15:52:09] INFO - /rates от 590388835 — USD
[2025-06-08 15:52:09] INFO - /rates от 590388835 — USD
[2025-06-08 15:52:09] WARNING - Ошибка получения курсов для 590388835
[2025-06-08 15:52:09] WARNING - Ошибка получения курсов для 590388835
[2025-06-08 15:52:09] WARNING - Ошибка получения курсов для 590388835
[2025-06-08 15:54:04] INFO - Starting bot
[2025-06-08 15:54:04] INFO - Starting bot
[2025-06-08 15:54:04] INFO - Starting bot
[2025-06-08 15:54:09] INFO - /rates от 590388835 — USD
[2025-06-08 15:54:09] INFO - /rates от 590388835 — USD
[2025-06-08 15:54:09] INFO - /rates от 590388835 — USD
[2025-06-08 15:54:09] WARNING - Ошибка получения курсов для 590388835
[2025-06-08 15:54:09] WARNING - Ошибка получения курсов для 590388835
[2025-06-08 15:54:09] WARNING - Ошибка получения курсов для 590388835
[2025-06-08 15:54:12] INFO - Пользователь 590388835 установил валюту: TRY
[2025-06-08 15:54:12] INFO - Пользователь 590388835 установил валюту: TRY
[2025-06-08 15:54:12] INFO - Пользователь 590388835 установил валюту: TRY
[2025-06-08 15:54:18] INFO - [CRYPTO] 590388835: 1.0 BTC
[2025-06-08 15:54:18] INFO - [CRYPTO] 590388835: 1.0 BTC
[2025-06-08 15:54:18] INFO - [CRYPTO] 590388835: 1.0 BTC
[2025-06-08 15:56:14] INFO - Starting bot
[2025-06-08 15:56:14] INFO - Starting bot
[2025-06-08 15:56:14] INFO - Starting bot
[2025-06-08 15:56:18] INFO - /rates от 590388835 — TRY
[2025-06-08 15:56:18] INFO - /rates от 590388835 — TRY
[2025-06-08 15:56:18] INFO - /rates от 590388835 — TRY
[2025-06-08 15:56:18] ERROR - Ошибка пересчёта ETH для 590388835: 'int' object has no attribute 'replace'
[2025-06-08 15:56:18] ERROR - Ошибка пересчёта ETH для 590388835: 'int' object has no attribute 'replace'
[2025-06-08 15:56:18] ERROR - Ошибка пересчёта ETH для 590388835: 'int' object has no attribute 'replace'
[2025-06-08 15:56:18] ERROR - Ошибка пересчёта BTC для 590388835: 'int' object has no attribute 'replace'
[2025-06-08 15:56:18] ERROR - Ошибка пересчёта BTC для 590388835: 'int' object has no attribute 'replace'
[2025-06-08 15:56:18] ERROR - Ошибка пересчёта BTC для 590388835: 'int' object has no attribute 'replace'
[2025-06-08 15:56:26] INFO - Пользователь 590388835 установил валюту: TRY
[2025-06-08 15:56:26] INFO - Пользователь 590388835 установил валюту: TRY
[2025-06-08 15:56:26] INFO - Пользователь 590388835 установил валюту: TRY
[2025-06-08 15:56:38] INFO - [CRYPTO] 590388835: 1.0 BTC
[2025-06-08 15:56:38] INFO - [CRYPTO] 590388835: 1.0 BTC
[2025-06-08 15:56:38] INFO - [CRYPTO] 590388835: 1.0 BTC
[2025-06-08 15:56:46] INFO - Пользователь 590388835 установил валюту: USD
[2025-06-08 15:56:46] INFO - Пользователь 590388835 установил валюту: USD
[2025-06-08 15:56:46] INFO - Пользователь 590388835 установил валюту: USD
[2025-06-08 15:56:50] INFO - [CRYPTO] 590388835: 1.0 BTC
[2025-06-08 15:56:50] INFO - [CRYPTO] 590388835: 1.0 BTC
[2025-06-08 15:56:50] INFO - [CRYPTO] 590388835: 1.0 BTC
[2025-06-08 15:57:09] INFO - Пользователь 590388835 установил валюту: RUB
[2025-06-08 15:57:09] INFO - Пользователь 590388835 установил валюту: RUB
[2025-06-08 15:57:09] INFO - Пользователь 590388835 установил валюту: RUB
[2025-06-08 15:57:18] INFO - /help от пользователя 590388835
[2025-06-08 15:57:18] INFO - /help от пользователя 590388835
[2025-06-08 15:57:18] INFO - /help от пользователя 590388835
[2025-06-08 15:57:25] INFO - /rates от 590388835 — RUB
[2025-06-08 15:57:25] INFO - /rates от 590388835 — RUB
[2025-06-08 15:57:25] INFO - /rates от 590388835 — RUB
[2025-06-08 15:57:25] ERROR - Ошибка пересчёта ETH для 590388835: 'int' object has no attribute 'replace'
[2025-06-08 15:57:25] ERROR - Ошибка пересчёта ETH для 590388835: 'int' object has no attribute 'replace'
[2025-06-08 15:57:25] ERROR - Ошибка пересчёта ETH для 590388835: 'int' object has no attribute 'replace'
[2025-06-08 15:57:25] ERROR - Ошибка пересчёта BTC для 590388835: 'int' object has no attribute 'replace'
[2025-06-08 15:57:25] ERROR - Ошибка пересчёта BTC для 590388835: 'int' object has no attribute 'replace'
[2025-06-08 15:57:25] ERROR - Ошибка пересчёта BTC для 590388835: 'int' object has no attribute 'replace'
[2025-06-08 15:59:26] INFO - Starting bot
[2025-06-08 15:59:26] INFO - Starting bot
[2025-06-08 15:59:26] INFO - Starting bot
[2025-06-08 15:59:29] INFO - /rates от 590388835 — RUB
[2025-06-08 15:59:29] INFO - /rates от 590388835 — RUB
[2025-06-08 15:59:29] INFO - /rates от 590388835 — RUB
[2025-06-08 15:59:36] INFO - /my_currency от 590388835: RUB
[2025-06-08 15:59:36] INFO - /my_currency от 590388835: RUB
[2025-06-08 15:59:36] INFO - /my_currency от 590388835: RUB
[2025-06-08 15:59:39] INFO - /set_currency от 590388835
[2025-06-08 15:59:39] INFO - /set_currency от 590388835
[2025-06-08 15:59:39] INFO - /set_currency от 590388835
[2025-06-08 15:59:41] INFO - Пользователь 590388835 установил валюту: USD
[2025-06-08 15:59:41] INFO - Пользователь 590388835 установил валюту: USD
[2025-06-08 15:59:41] INFO - Пользователь 590388835 установил валюту: USD
[2025-06-08 16:05:33] INFO - Starting bot
[2025-06-08 16:05:33] INFO - Starting bot
[2025-06-08 16:05:33] INFO - Starting bot
[2025-06-08 16:05:46] INFO - /rates от 590388835 — USD
[2025-06-08 16:05:46] INFO - /rates от 590388835 — USD
[2025-06-08 16:05:46] INFO - /rates от 590388835 — USD
[2025-06-08 16:05:55] INFO - [CRYPTO] 590388835: 1.0 XRP
[2025-06-08 16:05:55] INFO - [CRYPTO] 590388835: 1.0 XRP
[2025-06-08 16:05:55] INFO - [CRYPTO] 590388835: 1.0 XRP
[2025-06-08 16:07:30] INFO - /help от пользователя 590388835
[2025-06-08 16:07:30] INFO - /help от пользователя 590388835
[2025-06-08 16:07:30] INFO - /help от пользователя 590388835
[2025-06-08 16:07:54] INFO - [FIAT] 590388835: 1.0 USD → USD
[2025-06-08 16:07:54] INFO - [FIAT] 590388835: 1.0 USD → USD
[2025-06-08 16:07:54] INFO - [FIAT] 590388835: 1.0 USD → USD
[2025-06-08 16:08:01] INFO - [CRYPTO] 590388835: 1.0 ETH
[2025-06-08 16:08:01] INFO - [CRYPTO] 590388835: 1.0 ETH
[2025-06-08 16:08:01] INFO - [CRYPTO] 590388835: 1.0 ETH
[2025-06-08 16:08:06] INFO - /set_currency от 590388835
[2025-06-08 16:08:06] INFO - /set_currency от 590388835
[2025-06-08 16:08:06] INFO - /set_currency от 590388835
[2025-06-08 16:08:08] INFO - Пользователь 590388835 установил валюту: RUB
[2025-06-08 16:08:08] INFO - Пользователь 590388835 установил валюту: RUB
[2025-06-08 16:08:08] INFO - Пользователь 590388835 установил валюту: RUB
[2025-06-08 16:08:21] INFO - [CRYPTO] 590388835: 1.0 SOL
[2025-06-08 16:08:21] INFO - [CRYPTO] 590388835: 1.0 SOL
[2025-06-08 16:08:21] INFO - [CRYPTO] 590388835: 1.0 SOL
[2025-06-08 16:34:18] INFO - Starting bot
[2025-06-08 16:34:18] INFO - Starting bot
[2025-06-08 16:34:18] INFO - Starting bot
[2025-06-08 16:40:30] INFO - Starting bot
[2025-06-08 16:40:30] INFO - Starting bot
[2025-06-08 16:40:30] INFO - Starting bot
[2025-06-08 16:44:37] INFO - Starting bot
[2025-06-08 16:44:37] INFO - Starting bot
[2025-06-08 16:44:37] INFO - Starting bot
[2025-06-08 16:47:07] INFO - Starting bot
[2025-06-08 16:47:07] INFO - Starting bot
[2025-06-08 16:47:07] INFO - Starting bot
[2025-06-08 16:47:18] INFO - /help от пользователя 590388835
[2025-06-08 16:47:18] INFO - /help от пользователя 590388835
[2025-06-08 16:47:18] INFO - /help от пользователя 590388835
[2025-06-08 16:51:13] INFO - Starting bot
[2025-06-08 16:51:13] INFO - Starting bot
[2025-06-08 16:51:13] INFO - Starting bot
[2025-06-08 16:51:17] INFO - /start от пользователя 590388835
[2025-06-08 16:51:17] INFO - /start от пользователя 590388835
[2025-06-08 16:51:17] INFO - /start от пользователя 590388835
[2025-06-08 16:51:22] INFO - /help от пользователя 590388835
[2025-06-08 16:51:22] INFO - /help от пользователя 590388835
[2025-06-08 16:51:22] INFO - /help от пользователя 590388835
[2025-06-08 16:51:42] INFO - /help от пользователя 590388835
[2025-06-08 16:51:42] INFO - /help от пользователя 590388835
[2025-06-08 16:51:42] INFO - /help от пользователя 590388835
[2025-06-08 17:05:07] INFO - Starting bot
[2025-06-08 17:05:07] INFO - Starting bot
[2025-06-08 17:05:07] INFO - Starting bot
[2025-06-08 17:05:23] INFO - /help от пользователя 590388835
[2025-06-08 17:05:23] INFO - /help от пользователя 590388835
[2025-06-08 17:05:23] INFO - /help от пользователя 590388835
[2025-06-08 17:20:07] INFO - Starting bot
[2025-06-08 17:20:07] INFO - Starting bot
[2025-06-08 17:20:07] INFO - Starting bot
[2025-06-08 17:22:43] INFO - Starting bot
[2025-06-08 17:22:43] INFO - Starting bot
[2025-06-08 17:22:43] INFO - Starting bot
[2025-06-08 17:27:12] INFO - Starting bot
[2025-06-08 17:27:12] INFO - Starting bot
[2025-06-08 17:27:12] INFO - Starting bot
[2025-06-08 17:28:36] INFO - Starting bot
[2025-06-08 17:28:36] INFO - Starting bot
[2025-06-08 17:28:36] INFO - Starting bot
[2025-06-08 17:37:04] INFO - Starting bot
[2025-06-08 17:37:04] INFO - Starting bot
[2025-06-08 17:37:04] INFO - Starting bot
[2025-06-08 17:41:06] INFO - Starting bot
[2025-06-08 17:41:06] INFO - Starting bot
[2025-06-08 17:41:06] INFO - Starting bot
[2025-06-08 17:49:26] INFO - Starting bot
[2025-06-08 17:49:26] INFO - Starting bot
[2025-06-08 17:49:26] INFO - Starting bot
[2025-06-08 17:49:32] INFO - [FIAT] 590388835: 1.0 USD → USD
[2025-06-08 17:49:32] INFO - [FIAT] 590388835: 1.0 USD → USD
[2025-06-08 17:49:32] INFO - [FIAT] 590388835: 1.0 USD → USD
[2025-06-08 17:50:01] INFO - [FIAT] 590388835: 1.0 USD → RUB
[2025-06-08 17:50:01] INFO - [FIAT] 590388835: 1.0 USD → RUB
[2025-06-08 17:50:01] INFO - [FIAT] 590388835: 1.0 USD → RUB
[2025-06-08 17:51:02] INFO - Starting bot
[2025-06-08 17:51:02] INFO - Starting bot
[2025-06-08 17:51:02] INFO - Starting bot
[2025-06-08 18:19:04] INFO - Starting bot
[2025-06-08 18:19:04] INFO - Starting bot
[2025-06-08 18:19:04] INFO - Starting bot
